SF:lib\domain\entities\movie_review_entity.dart
DA:13,7
DA:21,1
DA:22,1
DA:23,1
DA:24,1
DA:25,1
DA:26,1
DA:29,0
DA:36,0
DA:37,0
DA:38,0
DA:39,0
DA:40,0
DA:41,0
DA:45,0
DA:47,0
DA:48,0
DA:49,0
DA:51,0
DA:52,0
DA:56,7
DA:57,7
DA:58,28
DA:59,21
DA:60,21
DA:61,21
DA:62,7
DA:66,5
DA:67,5
DA:69,10
LF:30
LH:17
end_of_record
SF:lib\domain\usecases\add_movie_review_usecase.dart
DA:8,2
DA:12,1
DA:19,2
LF:3
LH:3
end_of_record
SF:lib\infra\repositories\movie_repository.dart
DA:12,2
DA:16,1
DA:21,2
DA:27,0
DA:29,0
DA:32,1
DA:36,2
DA:41,1
DA:49,2
DA:58,1
DA:62,2
LF:11
LH:9
end_of_record
SF:lib\domain\entities\movie_detail_entity.dart
DA:11,4
DA:19,1
DA:20,1
DA:21,1
DA:22,1
DA:23,1
DA:24,1
DA:25,1
DA:28,0
DA:36,0
DA:37,0
DA:38,0
DA:39,0
DA:40,0
DA:41,0
DA:45,0
DA:47,0
DA:48,0
DA:49,0
DA:50,0
DA:51,0
DA:52,0
DA:56,4
DA:57,4
DA:58,16
DA:59,12
DA:60,16
DA:61,12
DA:62,4
DA:66,1
DA:67,1
DA:69,2
LF:32
LH:18
end_of_record
SF:lib\domain\entities\movie_list_entity.dart
DA:9,6
DA:15,0
DA:16,0
DA:17,0
DA:18,0
DA:19,0
DA:22,0
DA:27,0
DA:28,0
DA:29,0
DA:30,0
DA:34,0
DA:36,0
DA:37,0
DA:38,0
DA:39,0
DA:43,4
DA:44,4
DA:45,16
DA:46,12
DA:47,12
DA:51,3
DA:52,3
DA:54,6
LF:24
LH:9
end_of_record
SF:lib\domain\entities\user_entity.dart
DA:8,8
DA:13,1
DA:14,1
DA:15,1
DA:16,1
DA:19,0
DA:23,0
DA:24,0
DA:25,0
DA:29,0
DA:31,0
DA:32,0
DA:33,0
DA:37,8
DA:38,8
DA:39,32
DA:40,24
DA:44,1
DA:45,1
DA:47,2
LF:20
LH:12
end_of_record
SF:lib\domain\usecases\get_movie_details_usecase.dart
DA:7,2
DA:11,1
DA:14,2
LF:3
LH:3
end_of_record
SF:lib\domain\usecases\get_movie_list_usecase.dart
DA:8,2
DA:12,1
DA:16,2
LF:3
LH:3
end_of_record
SF:lib\domain\usecases\remove_movie_review_usecase.dart
DA:6,2
DA:10,1
DA:13,2
LF:3
LH:3
end_of_record
SF:lib\domain\usecase_providers.dart
DA:9,4
DA:10,3
DA:13,4
DA:14,3
DA:17,4
DA:18,3
DA:21,4
DA:22,3
DA:25,4
DA:26,3
LF:10
LH:10
end_of_record
SF:lib\domain\usecases\get_users_usecase.dart
DA:6,1
DA:10,0
DA:13,0
LF:3
LH:1
end_of_record
SF:lib\infra\repositories\movie_repository_provider.dart
DA:6,3
DA:7,1
DA:8,3
LF:3
LH:3
end_of_record
SF:lib\external\datasources\movie_external_provider.dart
DA:7,3
DA:8,1
DA:9,3
LF:3
LH:3
end_of_record
SF:lib\external\proxies\api_proxy_providers.dart
DA:5,3
DA:6,1
DA:7,1
DA:8,3
LF:4
LH:4
end_of_record
SF:lib\external\datasources\movie_external_datasource.dart
DA:16,2
DA:20,1
DA:25,2
DA:26,1
DA:27,1
DA:28,1
DA:33,5
DA:34,1
DA:35,1
DA:38,0
DA:40,0
DA:41,0
DA:42,0
DA:43,0
DA:51,1
DA:55,2
DA:56,1
DA:57,1
DA:58,1
DA:64,3
DA:67,1
DA:75,2
DA:76,1
DA:77,1
DA:78,1
DA:89,4
DA:92,1
DA:96,2
DA:97,1
DA:98,1
DA:99,1
LF:31
LH:26
end_of_record
SF:lib\external\proxies\api_proxy.dart
DA:4,1
DA:6,1
DA:7,1
DA:8,2
LF:4
LH:4
end_of_record
SF:lib\external\mappers\movie_review_mapper.dart
DA:5,3
DA:6,3
DA:7,3
DA:8,3
DA:9,3
DA:10,3
DA:11,6
DA:15,2
DA:16,2
DA:17,2
DA:18,2
DA:19,2
DA:20,2
DA:21,4
DA:25,2
DA:27,1
DA:28,1
LF:17
LH:17
end_of_record
SF:lib\external\mappers\movie_details_mapper.dart
DA:5,2
DA:6,2
DA:7,2
DA:8,2
DA:9,2
DA:10,2
DA:12,12
DA:16,2
DA:18,1
DA:19,1
LF:10
LH:10
end_of_record
SF:lib\external\mappers\movie_list_mapper.dart
DA:4,2
DA:5,2
DA:6,2
DA:7,2
DA:8,2
DA:12,0
DA:13,0
DA:14,0
DA:15,0
DA:16,0
DA:20,2
DA:22,1
DA:23,1
LF:13
LH:8
end_of_record
SF:lib\external\queries\movie_queries.dart
DA:2,1
DA:14,0
DA:25,1
DA:49,1
DA:51,1
DA:85,1
DA:87,1
DA:100,1
LF:8
LH:7
end_of_record
SF:lib\external\mappers\user_mapper.dart
DA:4,4
DA:5,4
DA:6,4
DA:7,4
DA:11,3
DA:12,3
DA:13,3
DA:14,3
DA:18,2
DA:20,1
DA:21,1
LF:11
LH:11
end_of_record
